<?xml version="1.0" encoding="UTF-8"?>
<!-- Generated by org.testng.reporters.JUnitReportReporter -->
<testsuite hostname="LAPTOP-DB80268K" failures="0" tests="3" name="entrara.RunTest" time="18.593" errors="0" timestamp="19 Sep 2024 06:23:18 GMT" skipped="0">
  <testcase classname="entrara.RunTest" name="products" time="2.589"/>
  <testcase classname="entrara.RunTest" name="summit" time="10.355"/>
  <testcase classname="entrara.RunTest" name="WatchDemo" time="5.649"/>
</testsuite> <!-- entrara.RunTest -->
