<?xml version="1.0" encoding="UTF-8"?>
<!-- Generated by org.testng.reporters.JUnitReportReporter -->
<testsuite hostname="LAPTOP-DB80268K" failures="0" tests="3" name="entrara.RunTest" time="31.453" errors="0" timestamp="18 Sep 2024 16:07:01 GMT" skipped="2">
  <testcase classname="entrara.RunTest" name="WatchDemo" time="31.453"/>
  <testcase classname="entrara.RunTest" name="solutions">
    <skipped/>
  </testcase> <!-- solutions -->
  <testcase classname="entrara.RunTest" name="products">
    <skipped/>
  </testcase> <!-- products -->
</testsuite> <!-- entrara.RunTest -->
